<?xml version="1.0" encoding="UTF-8"?>
<!-- Generated by org.testng.reporters.JUnitReportReporter -->
<testsuite skipped="0" hostname="Vibha-PC" name="AmazonTest.Amazon.BaseClass" tests="2" failures="0" timestamp="23 Oct 2018 16:56:13 GMT" time="22.261" errors="0">
  <testcase name="login" time="5.700" classname="AmazonTest.Amazon.BaseClass"/>
  <testcase name="userlogin" time="16.561" classname="AmazonTest.Amazon.BaseClass"/>
</testsuite> <!-- AmazonTest.Amazon.BaseClass -->
