<?xml version="1.0" encoding="UTF-8"?>
<!-- Generated by org.testng.reporters.JUnitReportReporter -->
<testsuite skipped="0" hostname="Vibha-PC" name="TestCases.LoginPageTest" tests="3" failures="0" timestamp="16 Nov 2018 19:58:01 GMT" time="5.660" errors="0">
  <testcase name="validateTitleTest" time="0.011" classname="TestCases.LoginPageTest"/>
  <testcase name="SignIn" time="5.637" classname="TestCases.LoginPageTest"/>
  <testcase name="loginPageTitleTest" time="0.012" classname="TestCases.LoginPageTest"/>
</testsuite> <!-- TestCases.LoginPageTest -->
