<?xml version="1.0" encoding="UTF-8"?>
<!-- Generated by org.testng.reporters.JUnitReportReporter -->
<testsuite skipped="0" hostname="Vibha-PC" name="AmazonTest.Amazon.TestClass" tests="2" failures="0" timestamp="01 Nov 2018 22:19:00 GMT" time="50.269" errors="0">
  <testcase name="SignIn_Button" time="28.740" classname="AmazonTest.Amazon.TestClass"/>
  <testcase name="userlogin" time="21.529" classname="AmazonTest.Amazon.TestClass"/>
</testsuite> <!-- AmazonTest.Amazon.TestClass -->
