<?xml version="1.0" encoding="UTF-8"?>
<!-- Generated by org.testng.reporters.JUnitReportReporter -->
<testsuite skipped="0" hostname="Vibha-PC" name="AmazonTest.Amazon.BaseClass" tests="2" failures="0" timestamp="25 Oct 2018 14:36:29 GMT" time="25.004" errors="0">
  <testcase name="userlogin" time="19.209" classname="AmazonTest.Amazon.BaseClass"/>
  <testcase name="login" time="5.795" classname="AmazonTest.Amazon.BaseClass"/>
</testsuite> <!-- AmazonTest.Amazon.BaseClass -->
